<?xml version="1.0" encoding="UTF-8"?>
<!-- Generated by org.testng.reporters.JUnitXMLReporter -->
<testsuite ignored="0" hostname="DESKTOP-1D3CBA8" failures="0" tests="4" name="Test" time="75.569" errors="0" timestamp="2023-04-27T00:09:11 IST">
  <testcase classname="AMS_TESTSUITS.ADMIN_DASHBOARD" name="Test_Dashboard" time="5.816"/>
  <testcase classname="AMS_TESTSUITS.ADMIN_DASHBOARD" name="Test_Dashboard" time="5.666"/>
  <testcase classname="AMS_TESTSUITS.ADMIN_DASHBOARD" name="Test_Dashboard" time="5.876"/>
  <testcase classname="AMS_TESTSUITS.ADMIN_EDV" name="EDV" time="25.009"/>
</testsuite> <!-- Test -->
