<?xml version="1.0" encoding="UTF-8"?>
<testsuite xmlns:xsi="http://www.w3.org/2001/XMLSchema-instance" xsi:schemaLocation="https://maven.apache.org/surefire/maven-surefire-plugin/xsd/surefire-test-report.xsd" name="TestSuite" time="17.564" tests="16" errors="0" skipped="14" failures="2">
  <properties>
[...]
</properties>
  <testcase name="Browsersetup" classname="AMS_TESTSUITS.ADMIN_DASHBOARD" time="12.274">
    <failure message="no such window: target window already closed&#10;from unknown error: web view not found&#10;  (Session info: chrome=112.0.5615.138)&#10;Build info: version: &apos;4.9.0&apos;, revision: &apos;d7057100a6&apos;&#10;System info: os.name: &apos;Windows 10&apos;, os.arch: &apos;amd64&apos;, os.version: &apos;10.0&apos;, java.version: &apos;17.0.5&apos;&#10;Driver info: org.openqa.selenium.chrome.ChromeDriver&#10;Command: [2558ad8595cd1c3d725efc0a68f83132, getTitle {}]&#10;Capabilities {acceptInsecureCerts: false, browserName: chrome, browserVersion: 112.0.5615.138, chrome: {chromedriverVersion: 112.0.5615.49 (bd2a7bcb881c..., userDataDir: C:\Users\u\AppData\Local\Te...}, goog:chromeOptions: {debuggerAddress: localhost:61987}, networkConnectionEnabled: false, pageLoadStrategy: normal, platformName: WINDOWS, proxy: Proxy(), se:cdp: ws://localhost:61987/devtoo..., se:cdpVersion: 112.0.5615.138, setWindowRect: true, strictFileInteractability: false, timeouts: {implicit: 0, pageLoad: 300000, script: 30000}, unhandledPromptBehavior: dismiss and notify, webauthn:extension:credBlob: true, webauthn:extension:largeBlob: true, webauthn:extension:minPinLength: true, webauthn:extension:prf: true, webauthn:virtualAuthenticators: true}&#10;Session ID: 2558ad8595cd1c3d725efc0a68f83132" type="org.openqa.selenium.NoSuchWindowException">org.openqa.selenium.NoSuchWindowException: 
no such window: target window already closed
from unknown error: web view not found
  (Session info: chrome=112.0.5615.138)
Build info: version: '4.9.0', revision: 'd7057100a6'
System info: os.name: 'Windows 10', os.arch: 'amd64', os.version: '10.0', java.version: '17.0.5'
Driver info: org.openqa.selenium.chrome.ChromeDriver
Command: [2558ad8595cd1c3d725efc0a68f83132, getTitle {}]
Capabilities {acceptInsecureCerts: false, browserName: chrome, browserVersion: 112.0.5615.138, chrome: {chromedriverVersion: 112.0.5615.49 (bd2a7bcb881c..., userDataDir: C:\Users\u\AppData\Local\Te...}, goog:chromeOptions: {debuggerAddress: localhost:61987}, networkConnectionEnabled: false, pageLoadStrategy: normal, platformName: WINDOWS, proxy: Proxy(), se:cdp: ws://localhost:61987/devtoo..., se:cdpVersion: 112.0.5615.138, setWindowRect: true, strictFileInteractability: false, timeouts: {implicit: 0, pageLoad: 300000, script: 30000}, unhandledPromptBehavior: dismiss and notify, webauthn:extension:credBlob: true, webauthn:extension:largeBlob: true, webauthn:extension:minPinLength: true, webauthn:extension:prf: true, webauthn:virtualAuthenticators: true}
Session ID: 2558ad8595cd1c3d725efc0a68f83132
</failure>
    <system-out><![CDATA[Execution of suite started
]]></system-out>
    <system-err><![CDATA[SLF4J: Failed to load class "org.slf4j.impl.StaticLoggerBinder".
SLF4J: Defaulting to no-operation (NOP) logger implementation
SLF4J: See http://www.slf4j.org/codes.html#StaticLoggerBinder for further details.
Starting ChromeDriver 112.0.5615.49 (bd2a7bcb881c11e8cfe3078709382934e3916914-refs/branch-heads/5615@{#936}) on port 45648
Only local connections are allowed.
Please see https://chromedriver.chromium.org/security-considerations for suggestions on keeping ChromeDriver safe.
ChromeDriver was started successfully.
]]></system-err>
  </testcase>
  <testcase name="AdminLoginsetup" classname="AMS_TESTSUITS.ADMIN_DASHBOARD" time="0">
    <skipped/>
  </testcase>
  <testcase name="AdminLoginsetup" classname="AMS_TESTSUITS.ADMIN_DASHBOARD" time="0">
    <skipped/>
  </testcase>
  <testcase name="AdminLoginsetup" classname="AMS_TESTSUITS.ADMIN_DASHBOARD" time="0">
    <skipped/>
  </testcase>
  <testcase name="Test_Dashboard" classname="AMS_TESTSUITS.ADMIN_DASHBOARD" time="0">
    <skipped message="no such window: target window already closed&#10;from unknown error: web view not found&#10;  (Session info: chrome=112.0.5615.138)&#10;Build info: version: &apos;4.9.0&apos;, revision: &apos;d7057100a6&apos;&#10;System info: os.name: &apos;Windows 10&apos;, os.arch: &apos;amd64&apos;, os.version: &apos;10.0&apos;, java.version: &apos;17.0.5&apos;&#10;Driver info: org.openqa.selenium.chrome.ChromeDriver&#10;Command: [2558ad8595cd1c3d725efc0a68f83132, getTitle {}]&#10;Capabilities {acceptInsecureCerts: false, browserName: chrome, browserVersion: 112.0.5615.138, chrome: {chromedriverVersion: 112.0.5615.49 (bd2a7bcb881c..., userDataDir: C:\Users\u\AppData\Local\Te...}, goog:chromeOptions: {debuggerAddress: localhost:61987}, networkConnectionEnabled: false, pageLoadStrategy: normal, platformName: WINDOWS, proxy: Proxy(), se:cdp: ws://localhost:61987/devtoo..., se:cdpVersion: 112.0.5615.138, setWindowRect: true, strictFileInteractability: false, timeouts: {implicit: 0, pageLoad: 300000, script: 30000}, unhandledPromptBehavior: dismiss and notify, webauthn:extension:credBlob: true, webauthn:extension:largeBlob: true, webauthn:extension:minPinLength: true, webauthn:extension:prf: true, webauthn:virtualAuthenticators: true}&#10;Session ID: 2558ad8595cd1c3d725efc0a68f83132"/>
  </testcase>
  <testcase name="Test_Dashboard" classname="AMS_TESTSUITS.ADMIN_DASHBOARD" time="0">
    <skipped message="no such window: target window already closed&#10;from unknown error: web view not found&#10;  (Session info: chrome=112.0.5615.138)&#10;Build info: version: &apos;4.9.0&apos;, revision: &apos;d7057100a6&apos;&#10;System info: os.name: &apos;Windows 10&apos;, os.arch: &apos;amd64&apos;, os.version: &apos;10.0&apos;, java.version: &apos;17.0.5&apos;&#10;Driver info: org.openqa.selenium.chrome.ChromeDriver&#10;Command: [2558ad8595cd1c3d725efc0a68f83132, getTitle {}]&#10;Capabilities {acceptInsecureCerts: false, browserName: chrome, browserVersion: 112.0.5615.138, chrome: {chromedriverVersion: 112.0.5615.49 (bd2a7bcb881c..., userDataDir: C:\Users\u\AppData\Local\Te...}, goog:chromeOptions: {debuggerAddress: localhost:61987}, networkConnectionEnabled: false, pageLoadStrategy: normal, platformName: WINDOWS, proxy: Proxy(), se:cdp: ws://localhost:61987/devtoo..., se:cdpVersion: 112.0.5615.138, setWindowRect: true, strictFileInteractability: false, timeouts: {implicit: 0, pageLoad: 300000, script: 30000}, unhandledPromptBehavior: dismiss and notify, webauthn:extension:credBlob: true, webauthn:extension:largeBlob: true, webauthn:extension:minPinLength: true, webauthn:extension:prf: true, webauthn:virtualAuthenticators: true}&#10;Session ID: 2558ad8595cd1c3d725efc0a68f83132"/>
  </testcase>
  <testcase name="Test_Dashboard" classname="AMS_TESTSUITS.ADMIN_DASHBOARD" time="0">
    <skipped message="no such window: target window already closed&#10;from unknown error: web view not found&#10;  (Session info: chrome=112.0.5615.138)&#10;Build info: version: &apos;4.9.0&apos;, revision: &apos;d7057100a6&apos;&#10;System info: os.name: &apos;Windows 10&apos;, os.arch: &apos;amd64&apos;, os.version: &apos;10.0&apos;, java.version: &apos;17.0.5&apos;&#10;Driver info: org.openqa.selenium.chrome.ChromeDriver&#10;Command: [2558ad8595cd1c3d725efc0a68f83132, getTitle {}]&#10;Capabilities {acceptInsecureCerts: false, browserName: chrome, browserVersion: 112.0.5615.138, chrome: {chromedriverVersion: 112.0.5615.49 (bd2a7bcb881c..., userDataDir: C:\Users\u\AppData\Local\Te...}, goog:chromeOptions: {debuggerAddress: localhost:61987}, networkConnectionEnabled: false, pageLoadStrategy: normal, platformName: WINDOWS, proxy: Proxy(), se:cdp: ws://localhost:61987/devtoo..., se:cdpVersion: 112.0.5615.138, setWindowRect: true, strictFileInteractability: false, timeouts: {implicit: 0, pageLoad: 300000, script: 30000}, unhandledPromptBehavior: dismiss and notify, webauthn:extension:credBlob: true, webauthn:extension:largeBlob: true, webauthn:extension:minPinLength: true, webauthn:extension:prf: true, webauthn:virtualAuthenticators: true}&#10;Session ID: 2558ad8595cd1c3d725efc0a68f83132"/>
  </testcase>
  <testcase name="AdminLogoutsetup" classname="AMS_TESTSUITS.ADMIN_DASHBOARD" time="0">
    <skipped/>
  </testcase>
  <testcase name="AdminLogoutsetup" classname="AMS_TESTSUITS.ADMIN_DASHBOARD" time="0">
    <skipped/>
  </testcase>
  <testcase name="AdminLogoutsetup" classname="AMS_TESTSUITS.ADMIN_DASHBOARD" time="0">
    <skipped/>
  </testcase>
  <testcase name="teardown" classname="AMS_TESTSUITS.ADMIN_DASHBOARD" time="0">
    <skipped/>
  </testcase>
  <testcase name="Browsersetup" classname="AMS_TESTSUITS.ADMIN_EDV" time="3.435">
    <failure message="no such window: target window already closed&#10;from unknown error: web view not found&#10;  (Session info: chrome=112.0.5615.138)&#10;Build info: version: &apos;4.9.0&apos;, revision: &apos;d7057100a6&apos;&#10;System info: os.name: &apos;Windows 10&apos;, os.arch: &apos;amd64&apos;, os.version: &apos;10.0&apos;, java.version: &apos;17.0.5&apos;&#10;Driver info: org.openqa.selenium.chrome.ChromeDriver&#10;Command: [712e2791980c095e97edf86a7bb0e2c7, getTitle {}]&#10;Capabilities {acceptInsecureCerts: false, browserName: chrome, browserVersion: 112.0.5615.138, chrome: {chromedriverVersion: 112.0.5615.49 (bd2a7bcb881c..., userDataDir: C:\Users\u\AppData\Local\Te...}, goog:chromeOptions: {debuggerAddress: localhost:62005}, networkConnectionEnabled: false, pageLoadStrategy: normal, platformName: WINDOWS, proxy: Proxy(), se:cdp: ws://localhost:62005/devtoo..., se:cdpVersion: 112.0.5615.138, setWindowRect: true, strictFileInteractability: false, timeouts: {implicit: 0, pageLoad: 300000, script: 30000}, unhandledPromptBehavior: dismiss and notify, webauthn:extension:credBlob: true, webauthn:extension:largeBlob: true, webauthn:extension:minPinLength: true, webauthn:extension:prf: true, webauthn:virtualAuthenticators: true}&#10;Session ID: 712e2791980c095e97edf86a7bb0e2c7" type="org.openqa.selenium.NoSuchWindowException">org.openqa.selenium.NoSuchWindowException: 
no such window: target window already closed
from unknown error: web view not found
  (Session info: chrome=112.0.5615.138)
Build info: version: '4.9.0', revision: 'd7057100a6'
System info: os.name: 'Windows 10', os.arch: 'amd64', os.version: '10.0', java.version: '17.0.5'
Driver info: org.openqa.selenium.chrome.ChromeDriver
Command: [712e2791980c095e97edf86a7bb0e2c7, getTitle {}]
Capabilities {acceptInsecureCerts: false, browserName: chrome, browserVersion: 112.0.5615.138, chrome: {chromedriverVersion: 112.0.5615.49 (bd2a7bcb881c..., userDataDir: C:\Users\u\AppData\Local\Te...}, goog:chromeOptions: {debuggerAddress: localhost:62005}, networkConnectionEnabled: false, pageLoadStrategy: normal, platformName: WINDOWS, proxy: Proxy(), se:cdp: ws://localhost:62005/devtoo..., se:cdpVersion: 112.0.5615.138, setWindowRect: true, strictFileInteractability: false, timeouts: {implicit: 0, pageLoad: 300000, script: 30000}, unhandledPromptBehavior: dismiss and notify, webauthn:extension:credBlob: true, webauthn:extension:largeBlob: true, webauthn:extension:minPinLength: true, webauthn:extension:prf: true, webauthn:virtualAuthenticators: true}
Session ID: 712e2791980c095e97edf86a7bb0e2c7
</failure>
    <system-err><![CDATA[Starting ChromeDriver 112.0.5615.49 (bd2a7bcb881c11e8cfe3078709382934e3916914-refs/branch-heads/5615@{#936}) on port 41024
Only local connections are allowed.
Please see https://chromedriver.chromium.org/security-considerations for suggestions on keeping ChromeDriver safe.
ChromeDriver was started successfully.
]]></system-err>
  </testcase>
  <testcase name="AdminLoginsetup" classname="AMS_TESTSUITS.ADMIN_EDV" time="0">
    <skipped/>
  </testcase>
  <testcase name="EDV" classname="AMS_TESTSUITS.ADMIN_EDV" time="0">
    <skipped message="no such window: target window already closed&#10;from unknown error: web view not found&#10;  (Session info: chrome=112.0.5615.138)&#10;Build info: version: &apos;4.9.0&apos;, revision: &apos;d7057100a6&apos;&#10;System info: os.name: &apos;Windows 10&apos;, os.arch: &apos;amd64&apos;, os.version: &apos;10.0&apos;, java.version: &apos;17.0.5&apos;&#10;Driver info: org.openqa.selenium.chrome.ChromeDriver&#10;Command: [712e2791980c095e97edf86a7bb0e2c7, getTitle {}]&#10;Capabilities {acceptInsecureCerts: false, browserName: chrome, browserVersion: 112.0.5615.138, chrome: {chromedriverVersion: 112.0.5615.49 (bd2a7bcb881c..., userDataDir: C:\Users\u\AppData\Local\Te...}, goog:chromeOptions: {debuggerAddress: localhost:62005}, networkConnectionEnabled: false, pageLoadStrategy: normal, platformName: WINDOWS, proxy: Proxy(), se:cdp: ws://localhost:62005/devtoo..., se:cdpVersion: 112.0.5615.138, setWindowRect: true, strictFileInteractability: false, timeouts: {implicit: 0, pageLoad: 300000, script: 30000}, unhandledPromptBehavior: dismiss and notify, webauthn:extension:credBlob: true, webauthn:extension:largeBlob: true, webauthn:extension:minPinLength: true, webauthn:extension:prf: true, webauthn:virtualAuthenticators: true}&#10;Session ID: 712e2791980c095e97edf86a7bb0e2c7"/>
  </testcase>
  <testcase name="AdminLogoutsetup" classname="AMS_TESTSUITS.ADMIN_EDV" time="0">
    <skipped/>
  </testcase>
  <testcase name="teardown" classname="AMS_TESTSUITS.ADMIN_EDV" time="0">
    <skipped/>
  </testcase>
</testsuite>